# JRE version: OpenJDK Runtime Environment Temurin-17.0.4.1+1 (17.0.4.1+1) (build 17.0.4.1+1)
# Java VM: OpenJDK 64-Bit Server VM Temurin-17.0.4.1+1 (17.0.4.1+1, mixed mode, sharing, tiered, compressed oops, compressed class ptrs, g1 gc, windows-amd64)
GC Precious Log:
 CPUs: 8 total, 8 available
 Memory: 8043M
 Large Page Support: Disabled
 NUMA Support: Disabled
 Compressed Oops: Enabled (32-bit)
 Heap Region Size: 1M
 Heap Min Capacity: 8M
 Heap Initial Capacity: 126M
 Heap Max Capacity: 2012M
 Pre-touch: Disabled
 Parallel Workers: 8
 Concurrent Workers: 2
 Concurrent Refinement Workers: 8
 Periodic GC: Disabled
Heap:
 garbage-first heap   total 178176K, used 68659K [0x0000000082400000, 0x0000000100000000)
  region size 1024K, 8 young (8192K), 8 survivors (8192K)
 Metaspace       used 34224K, committed 34624K, reserved 1081344K
  class space    used 4952K, committed 5184K, reserved 1048576K
GC Heap History (20 events):
Event: 3.997 GC heap after
{Heap after GC invocations=16 (full 0):
 garbage-first heap   total 91136K, used 33936K [0x0000000082400000, 0x0000000100000000)
  region size 1024K, 5 young (5120K), 5 survivors (5120K)
 Metaspace       used 33234K, committed 33536K, reserved 1081344K
  class space    used 4858K, committed 4992K, reserved 1048576K
}
Event: 4.056 GC heap before
{Heap before GC invocations=16 (full 0):
 garbage-first heap   total 91136K, used 70800K [0x0000000082400000, 0x0000000100000000)
  region size 1024K, 42 young (43008K), 5 survivors (5120K)
 Metaspace       used 33242K, committed 33536K, reserved 1081344K
  class space    used 4858K, committed 4992K, reserved 1048576K
}
Event: 4.063 GC heap after
{Heap after GC invocations=17 (full 0):
 garbage-first heap   total 91136K, used 35241K [0x0000000082400000, 0x0000000100000000)
  region size 1024K, 4 young (4096K), 4 survivors (4096K)
 Metaspace       used 33242K, committed 33536K, reserved 1081344K
  class space    used 4858K, committed 4992K, reserved 1048576K
}
Event: 4.132 GC heap before
{Heap before GC invocations=17 (full 0):
 garbage-first heap   total 91136K, used 73129K [0x0000000082400000, 0x0000000100000000)
  region size 1024K, 42 young (43008K), 4 survivors (4096K)
 Metaspace       used 33242K, committed 33536K, reserved 1081344K
  class space    used 4858K, committed 4992K, reserved 1048576K
}
Event: 4.134 GC heap after
{Heap after GC invocations=18 (full 0):
 garbage-first heap   total 148480K, used 36175K [0x0000000082400000, 0x0000000100000000)
  region size 1024K, 4 young (4096K), 4 survivors (4096K)
 Metaspace       used 33242K, committed 33536K, reserved 1081344K
  class space    used 4858K, committed 4992K, reserved 1048576K
}
Event: 4.277 GC heap before
{Heap before GC invocations=18 (full 0):
 garbage-first heap   total 148480K, used 118095K [0x0000000082400000, 0x0000000100000000)
  region size 1024K, 85 young (87040K), 4 survivors (4096K)
 Metaspace       used 33320K, committed 33600K, reserved 1081344K
  class space    used 4866K, committed 4992K, reserved 1048576K
}
Event: 4.280 GC heap after
{Heap after GC invocations=19 (full 0):
 garbage-first heap   total 148480K, used 38692K [0x0000000082400000, 0x0000000100000000)
  region size 1024K, 7 young (7168K), 7 survivors (7168K)
 Metaspace       used 33320K, committed 33600K, reserved 1081344K
  class space    used 4866K, committed 4992K, reserved 1048576K
}
Event: 4.407 GC heap before
{Heap before GC invocations=19 (full 0):
 garbage-first heap   total 148480K, used 118564K [0x0000000082400000, 0x0000000100000000)
  region size 1024K, 86 young (88064K), 7 survivors (7168K)
 Metaspace       used 33349K, committed 33728K, reserved 1081344K
  class space    used 4867K, committed 5056K, reserved 1048576K
}
Event: 4.410 GC heap after
{Heap after GC invocations=20 (full 0):
 garbage-first heap   total 148480K, used 40697K [0x0000000082400000, 0x0000000100000000)
  region size 1024K, 7 young (7168K), 7 survivors (7168K)
 Metaspace       used 33349K, committed 33728K, reserved 1081344K
  class space    used 4867K, committed 5056K, reserved 1048576K
}
Event: 4.779 GC heap before
{Heap before GC invocations=20 (full 0):
 garbage-first heap   total 148480K, used 121593K [0x0000000082400000, 0x0000000100000000)
  region size 1024K, 87 young (89088K), 7 survivors (7168K)
 Metaspace       used 34006K, committed 34432K, reserved 1081344K
  class space    used 4932K, committed 5120K, reserved 1048576K
}
Event: 4.786 GC heap after
{Heap after GC invocations=21 (full 0):
 garbage-first heap   total 148480K, used 45144K [0x0000000082400000, 0x0000000100000000)
  region size 1024K, 11 young (11264K), 11 survivors (11264K)
 Metaspace       used 34006K, committed 34432K, reserved 1081344K
  class space    used 4932K, committed 5120K, reserved 1048576K
}
Event: 4.949 GC heap before
{Heap before GC invocations=21 (full 0):
 garbage-first heap   total 148480K, used 116824K [0x0000000082400000, 0x0000000100000000)
  region size 1024K, 82 young (83968K), 11 survivors (11264K)
 Metaspace       used 34073K, committed 34496K, reserved 1081344K
  class space    used 4933K, committed 5120K, reserved 1048576K
}
Event: 4.961 GC heap after
{Heap after GC invocations=22 (full 0):
 garbage-first heap   total 178176K, used 57881K [0x0000000082400000, 0x0000000100000000)
  region size 1024K, 11 young (11264K), 11 survivors (11264K)
 Metaspace       used 34073K, committed 34496K, reserved 1081344K
  class space    used 4933K, committed 5120K, reserved 1048576K
}
Event: 5.035 GC heap before
{Heap before GC invocations=22 (full 0):
 garbage-first heap   total 178176K, used 133657K [0x0000000082400000, 0x0000000100000000)
  region size 1024K, 86 young (88064K), 11 survivors (11264K)
 Metaspace       used 34090K, committed 34496K, reserved 1081344K
  class space    used 4933K, committed 5120K, reserved 1048576K
}
Event: 5.040 GC heap after
{Heap after GC invocations=23 (full 0):
 garbage-first heap   total 178176K, used 63031K [0x0000000082400000, 0x0000000100000000)
  region size 1024K, 4 young (4096K), 4 survivors (4096K)
 Metaspace       used 34090K, committed 34496K, reserved 1081344K
  class space    used 4933K, committed 5120K, reserved 1048576K
}
Event: 5.131 GC heap before
{Heap before GC invocations=23 (full 0):
 garbage-first heap   total 178176K, used 137783K [0x0000000082400000, 0x0000000100000000)
  region size 1024K, 78 young (79872K), 4 survivors (4096K)
 Metaspace       used 34136K, committed 34496K, reserved 1081344K
  class space    used 4936K, committed 5120K, reserved 1048576K
}
Event: 5.134 GC heap after
{Heap after GC invocations=24 (full 0):
 garbage-first heap   total 178176K, used 63149K [0x0000000082400000, 0x0000000100000000)
  region size 1024K, 5 young (5120K), 5 survivors (5120K)
 Metaspace       used 34136K, committed 34496K, reserved 1081344K
  class space    used 4936K, committed 5120K, reserved 1048576K
}
Event: 5.207 GC heap before
{Heap before GC invocations=24 (full 0):
 garbage-first heap   total 178176K, used 139949K [0x0000000082400000, 0x0000000100000000)
  region size 1024K, 81 young (82944K), 5 survivors (5120K)
 Metaspace       used 34147K, committed 34496K, reserved 1081344K
  class space    used 4936K, committed 5120K, reserved 1048576K
}
Event: 5.211 GC heap after
{Heap after GC invocations=25 (full 0):
 garbage-first heap   total 178176K, used 65573K [0x0000000082400000, 0x0000000100000000)
  region size 1024K, 7 young (7168K), 7 survivors (7168K)
 Metaspace       used 34147K, committed 34496K, reserved 1081344K
  class space    used 4936K, committed 5120K, reserved 1048576K
}
Event: 5.295 GC heap before
{Heap before GC invocations=25 (full 0):
 garbage-first heap   total 178176K, used 142373K [0x0000000082400000, 0x0000000100000000)
  region size 1024K, 83 young (84992K), 7 survivors (7168K)
 Metaspace       used 34224K, committed 34624K, reserved 1081344K
  class space    used 4952K, committed 5184K, reserved 1048576K
}

