# JRE version: OpenJDK Runtime Environment Temurin-17.0.4.1+1 (17.0.4.1+1) (build 17.0.4.1+1)
# Java VM: OpenJDK 64-Bit Server VM Temurin-17.0.4.1+1 (17.0.4.1+1, mixed mode, sharing, tiered, compressed oops, compressed class ptrs, g1 gc, windows-amd64)
GC Precious Log:
 CPUs: 8 total, 8 available
 Memory: 8043M
 Large Page Support: Disabled
 NUMA Support: Disabled
 Compressed Oops: Enabled (32-bit)
 Heap Region Size: 1M
 Heap Min Capacity: 8M
 Heap Initial Capacity: 126M
 Heap Max Capacity: 2012M
 Pre-touch: Disabled
 Parallel Workers: 8
 Concurrent Workers: 2
 Concurrent Refinement Workers: 8
 Periodic GC: Disabled
Heap:
 garbage-first heap   total 147456K, used 62203K [0x0000000082400000, 0x0000000100000000)
  region size 1024K, 2 young (2048K), 2 survivors (2048K)
 Metaspace       used 34059K, committed 34432K, reserved 1081344K
  class space    used 4932K, committed 5120K, reserved 1048576K
GC Heap History (20 events):
Event: 3.136 GC heap after
{Heap after GC invocations=13 (full 0):
 garbage-first heap   total 78848K, used 31687K [0x0000000082400000, 0x0000000100000000)
  region size 1024K, 3 young (3072K), 3 survivors (3072K)
 Metaspace       used 33100K, committed 33536K, reserved 1081344K
  class space    used 4841K, committed 5056K, reserved 1048576K
}
Event: 3.182 GC heap before
{Heap before GC invocations=13 (full 0):
 garbage-first heap   total 78848K, used 57287K [0x0000000082400000, 0x0000000100000000)
  region size 1024K, 29 young (29696K), 3 survivors (3072K)
 Metaspace       used 33122K, committed 33536K, reserved 1081344K
  class space    used 4844K, committed 5056K, reserved 1048576K
}
Event: 3.185 GC heap after
{Heap after GC invocations=14 (full 0):
 garbage-first heap   total 78848K, used 32394K [0x0000000082400000, 0x0000000100000000)
  region size 1024K, 3 young (3072K), 3 survivors (3072K)
 Metaspace       used 33122K, committed 33536K, reserved 1081344K
  class space    used 4844K, committed 5056K, reserved 1048576K
}
Event: 3.232 GC heap before
{Heap before GC invocations=14 (full 0):
 garbage-first heap   total 78848K, used 59018K [0x0000000082400000, 0x0000000100000000)
  region size 1024K, 30 young (30720K), 3 survivors (3072K)
 Metaspace       used 33148K, committed 33536K, reserved 1081344K
  class space    used 4847K, committed 5056K, reserved 1048576K
}
Event: 3.234 GC heap after
{Heap after GC invocations=15 (full 0):
 garbage-first heap   total 114688K, used 33294K [0x0000000082400000, 0x0000000100000000)
  region size 1024K, 3 young (3072K), 3 survivors (3072K)
 Metaspace       used 33148K, committed 33536K, reserved 1081344K
  class space    used 4847K, committed 5056K, reserved 1048576K
}
Event: 3.323 GC heap before
{Heap before GC invocations=15 (full 0):
 garbage-first heap   total 114688K, used 86542K [0x0000000082400000, 0x0000000100000000)
  region size 1024K, 56 young (57344K), 3 survivors (3072K)
 Metaspace       used 33159K, committed 33536K, reserved 1081344K
  class space    used 4851K, committed 5056K, reserved 1048576K
}
Event: 3.325 GC heap after
{Heap after GC invocations=16 (full 0):
 garbage-first heap   total 114688K, used 34947K [0x0000000082400000, 0x0000000100000000)
  region size 1024K, 5 young (5120K), 5 survivors (5120K)
 Metaspace       used 33159K, committed 33536K, reserved 1081344K
  class space    used 4851K, committed 5056K, reserved 1048576K
}
Event: 3.405 GC heap before
{Heap before GC invocations=16 (full 0):
 garbage-first heap   total 114688K, used 89219K [0x0000000082400000, 0x0000000100000000)
  region size 1024K, 59 young (60416K), 5 survivors (5120K)
 Metaspace       used 33165K, committed 33536K, reserved 1081344K
  class space    used 4851K, committed 5056K, reserved 1048576K
}
Event: 3.407 GC heap after
{Heap after GC invocations=17 (full 0):
 garbage-first heap   total 114688K, used 36505K [0x0000000082400000, 0x0000000100000000)
  region size 1024K, 6 young (6144K), 6 survivors (6144K)
 Metaspace       used 33165K, committed 33536K, reserved 1081344K
  class space    used 4851K, committed 5056K, reserved 1048576K
}
Event: 3.492 GC heap before
{Heap before GC invocations=17 (full 0):
 garbage-first heap   total 114688K, used 90777K [0x0000000082400000, 0x0000000100000000)
  region size 1024K, 60 young (61440K), 6 survivors (6144K)
 Metaspace       used 33233K, committed 33600K, reserved 1081344K
  class space    used 4858K, committed 5056K, reserved 1048576K
}
Event: 3.495 GC heap after
{Heap after GC invocations=18 (full 0):
 garbage-first heap   total 114688K, used 38185K [0x0000000082400000, 0x0000000100000000)
  region size 1024K, 6 young (6144K), 6 survivors (6144K)
 Metaspace       used 33233K, committed 33600K, reserved 1081344K
  class space    used 4858K, committed 5056K, reserved 1048576K
}
Event: 3.578 GC heap before
{Heap before GC invocations=18 (full 0):
 garbage-first heap   total 114688K, used 91433K [0x0000000082400000, 0x0000000100000000)
  region size 1024K, 59 young (60416K), 6 survivors (6144K)
 Metaspace       used 33246K, committed 33600K, reserved 1081344K
  class space    used 4858K, committed 5056K, reserved 1048576K
}
Event: 3.581 GC heap after
{Heap after GC invocations=19 (full 0):
 garbage-first heap   total 147456K, used 39835K [0x0000000082400000, 0x0000000100000000)
  region size 1024K, 5 young (5120K), 5 survivors (5120K)
 Metaspace       used 33246K, committed 33600K, reserved 1081344K
  class space    used 4858K, committed 5056K, reserved 1048576K
}
Event: 3.709 GC heap before
{Heap before GC invocations=19 (full 0):
 garbage-first heap   total 147456K, used 118683K [0x0000000082400000, 0x0000000100000000)
  region size 1024K, 83 young (84992K), 5 survivors (5120K)
 Metaspace       used 33305K, committed 33728K, reserved 1081344K
  class space    used 4866K, committed 5056K, reserved 1048576K
}
Event: 3.713 GC heap after
{Heap after GC invocations=20 (full 0):
 garbage-first heap   total 147456K, used 41883K [0x0000000082400000, 0x0000000100000000)
  region size 1024K, 7 young (7168K), 7 survivors (7168K)
 Metaspace       used 33305K, committed 33728K, reserved 1081344K
  class space    used 4866K, committed 5056K, reserved 1048576K
}
Event: 4.036 GC heap before
{Heap before GC invocations=20 (full 0):
 garbage-first heap   total 147456K, used 120731K [0x0000000082400000, 0x0000000100000000)
  region size 1024K, 85 young (87040K), 7 survivors (7168K)
 Metaspace       used 34015K, committed 34432K, reserved 1081344K
  class space    used 4932K, committed 5120K, reserved 1048576K
}
Event: 4.045 GC heap after
{Heap after GC invocations=21 (full 0):
 garbage-first heap   total 147456K, used 50649K [0x0000000082400000, 0x0000000100000000)
  region size 1024K, 11 young (11264K), 11 survivors (11264K)
 Metaspace       used 34015K, committed 34432K, reserved 1081344K
  class space    used 4932K, committed 5120K, reserved 1048576K
}
Event: 4.126 GC heap before
{Heap before GC invocations=21 (full 0):
 garbage-first heap   total 147456K, used 112089K [0x0000000082400000, 0x0000000100000000)
  region size 1024K, 72 young (73728K), 11 survivors (11264K)
 Metaspace       used 34053K, committed 34432K, reserved 1081344K
  class space    used 4932K, committed 5120K, reserved 1048576K
}
Event: 4.138 GC heap after
{Heap after GC invocations=22 (full 0):
 garbage-first heap   total 147456K, used 60157K [0x0000000082400000, 0x0000000100000000)
  region size 1024K, 9 young (9216K), 9 survivors (9216K)
 Metaspace       used 34053K, committed 34432K, reserved 1081344K
  class space    used 4932K, committed 5120K, reserved 1048576K
}
Event: 4.158 GC heap before
{Heap before GC invocations=22 (full 0):
 garbage-first heap   total 147456K, used 112381K [0x0000000082400000, 0x0000000100000000)
  region size 1024K, 61 young (62464K), 9 survivors (9216K)
 Metaspace       used 34059K, committed 34432K, reserved 1081344K
  class space    used 4932K, committed 5120K, reserved 1048576K
}

